<?xml version="1.0" encoding="UTF-8"?>
<coverage generated="1742744094840" clover="3.2.0">
  <project timestamp="1742744094841" name="All files">
    <metrics statements="8" coveredstatements="8" conditionals="0" coveredconditionals="0" methods="3" coveredmethods="3" elements="11" coveredelements="11" complexity="0" loc="8" ncloc="8" packages="2" files="3" classes="3"/>
    <package name="e2e">
      <metrics statements="8" coveredstatements="8" conditionals="0" coveredconditionals="0" methods="3" coveredmethods="3"/>
      <file name="fixtures.cy.js" path="C:\Users\ANIE\Desktop\Anie\webdev\tutorials\react-native\eTrade\cypress\e2e\fixtures.cy.js">
        <metrics statements="8" coveredstatements="8" conditionals="0" coveredconditionals="0" methods="3" coveredmethods="3"/>
        <line num="3" count="1" type="stmt"/>
        <line num="4" count="1" type="stmt"/>
        <line num="5" count="1" type="stmt"/>
        <line num="6" count="1" type="stmt"/>
        <line num="8" count="1" type="stmt"/>
        <line num="9" count="1" type="stmt"/>
        <line num="12" count="1" type="stmt"/>
        <line num="13" count="1" type="stmt"/>
      </file>
    </package>
    <package name="support">
      <metrics statements="0" coveredstatements="0" conditionals="0" coveredconditionals="0" methods="0" coveredmethods="0"/>
      <file name="commands.js" path="C:\Users\ANIE\Desktop\Anie\webdev\tutorials\react-native\eTrade\cypress\support\commands.js">
        <metrics statements="0" coveredstatements="0" conditionals="0" coveredconditionals="0" methods="0" coveredmethods="0"/>
      </file>
      <file name="e2e.js" path="C:\Users\ANIE\Desktop\Anie\webdev\tutorials\react-native\eTrade\cypress\support\e2e.js">
        <metrics statements="0" coveredstatements="0" conditionals="0" coveredconditionals="0" methods="0" coveredmethods="0"/>
      </file>
    </package>
  </project>
</coverage>
